2024-06-18T15:11:34+00:00 DEBUG POST: https://ads.tiktok.com/marketing_api/api/developer/app/create_auto_approve/

{"business_platform":"PROD","smb_id":"tt4b_woocommerce_6671a3a6c9f83httplocalhostwordpresswp-admin","smb_name":"PROD","redirect_url":"http:\/\/localhost\/wordpress\/wp-admin\/"}
 ajax: no
2024-06-18T15:11:35+00:00 DEBUG Tt4b_Mapi_Class::create_open_source_app: Response: 

HTTP/1.1 200 OK
Content-Type: application/json
X-Tt-Logid: 20240618151133A5841D98CC210A5004AA,20240618151133A5841D98CC210A5004AA
Strict-Transport-Security: max-age=31536000; includeSubDomains
Server-Timing: inner; dur=61
x-tt-trace-host: 01bd106d6b4d8ec773548d8407dd6bb455d3c0582e03abc7491eccdf76542e775593bc287d5ba108810ce96471e5f0a0ed7e0f2335085f09a8da7f77851e63ab868f1d6053d93373a87cc939b64a1c4f296be9974acc55c254f2fdf579383ddb07
x-tt-trace-id: 00-240618151133A5841D98CC210A5004AA-0E9011C3677E9884-00
Server: TLB
Content-Encoding: gzip
Date: Tue, 18 Jun 2024 15:11:35 GMT
Content-Length: 209
X-Cache: TCP_MISS from a113-171-12-167.deploy.akamaitechnologies.com (AkamaiGHost/11.5.2-56372494) (-)
Connection: close
Vary: Accept-Encoding
x-tt-trace-tag: id=16;cdn-cache=miss;type=dyn
Server-Timing: cdn-cache; desc=MISS, edge; dur=2, origin; dur=253
X-Origin-Response-Time: 253,113.171.12.167
X-Akamai-Request-ID: 839db4c4

{"code":0,"msg":"ok","data":{"redirect_uri":"http:\/\/localhost\/wordpress\/wp-admin\/","app_secret":"8886a29a376ed2c9a4036c24593bae5da9cd79cc","external_data_key":"1f406be3-2d13-42d3-b66a-323d87eb3df6","app_id":"7381861201652744210"}}

2024-06-18T15:20:12+00:00 DEBUG Tt4b_Pixel_Class::inject_add_to_cart_event: hit AddToCart
2024-06-18T15:20:12+00:00 DEBUG Tt4b_Pixel_Class::inject_add_to_cart_event: Missing option "access_token"
2024-06-18T15:20:30+00:00 DEBUG Tt4b_Pixel_Class::inject_initiate_checkout_event: hit InitiateCheckout
2024-06-18T15:20:30+00:00 DEBUG Tt4b_Pixel_Class::inject_initiate_checkout_event: Missing option "access_token"
2024-06-18T18:53:13+00:00 DEBUG Tt4b_Pixel_Class::inject_initiate_checkout_event: hit InitiateCheckout
2024-06-18T18:53:13+00:00 DEBUG Tt4b_Pixel_Class::inject_initiate_checkout_event: Missing option "access_token"
2024-06-18T18:53:17+00:00 DEBUG Tt4b_Pixel_Class::inject_initiate_checkout_event: hit InitiateCheckout
2024-06-18T18:53:17+00:00 DEBUG Tt4b_Pixel_Class::inject_initiate_checkout_event: Missing option "access_token"
